2024-11-12 15:44:18,763 CRIT Supervisor is running as root.  Privileges were not dropped because no user is specified in the config file.  If you intend to run as root, you can set user=root in the config file to avoid this message.
2024-11-12 15:44:18,765 INFO supervisord started with pid 1
2024-11-12 15:44:18,863 CRIT Supervisor is running as root.  Privileges were not dropped because no user is specified in the config file.  If you intend to run as root, you can set user=root in the config file to avoid this message.
2024-11-12 15:44:18,864 INFO supervisord started with pid 1
2024-11-12 15:44:19,768 INFO spawned: 'php-fpm' with pid 7
2024-11-12 15:44:19,770 INFO spawned: 'reaction_cleanup_worker' with pid 8
2024-11-12 15:44:19,783 WARN exited: reaction_cleanup_worker (exit status 255; not expected)
2024-11-12 15:44:19,865 INFO spawned: 'php-fpm' with pid 7
2024-11-12 15:44:19,868 INFO spawned: 'reaction_cleanup_worker' with pid 8
2024-11-12 15:44:19,881 WARN exited: reaction_cleanup_worker (exit status 255; not expected)
2024-11-12 15:44:20,818 INFO success: php-fpm entered RUNNING state, process has stayed up for > than 1 seconds (startsecs)
2024-11-12 15:44:20,820 INFO spawned: 'reaction_cleanup_worker' with pid 11
2024-11-12 15:44:20,835 WARN exited: reaction_cleanup_worker (exit status 255; not expected)
2024-11-12 15:44:20,885 INFO success: php-fpm entered RUNNING state, process has stayed up for > than 1 seconds (startsecs)
2024-11-12 15:44:20,886 INFO spawned: 'reaction_cleanup_worker' with pid 11
2024-11-12 15:44:20,899 WARN exited: reaction_cleanup_worker (exit status 255; not expected)
2024-11-12 15:44:22,838 INFO spawned: 'reaction_cleanup_worker' with pid 12
2024-11-12 15:44:22,851 WARN exited: reaction_cleanup_worker (exit status 255; not expected)
2024-11-12 15:44:22,902 INFO spawned: 'reaction_cleanup_worker' with pid 12
2024-11-12 15:44:22,913 WARN exited: reaction_cleanup_worker (exit status 255; not expected)
2024-11-12 15:44:25,856 INFO spawned: 'reaction_cleanup_worker' with pid 13
2024-11-12 15:44:25,869 WARN exited: reaction_cleanup_worker (exit status 255; not expected)
2024-11-12 15:44:25,917 INFO spawned: 'reaction_cleanup_worker' with pid 13
2024-11-12 15:44:25,930 WARN exited: reaction_cleanup_worker (exit status 255; not expected)
2024-11-12 15:44:26,871 INFO gave up: reaction_cleanup_worker entered FATAL state, too many start retries too quickly
2024-11-12 15:44:26,931 INFO gave up: reaction_cleanup_worker entered FATAL state, too many start retries too quickly
2024-11-12 16:20:00,174 WARN received SIGQUIT indicating exit request
2024-11-12 16:20:00,175 INFO waiting for php-fpm to die
2024-11-12 16:20:00,432 WARN received SIGQUIT indicating exit request
2024-11-12 16:20:00,432 INFO waiting for php-fpm to die
2024-11-12 16:20:01,180 INFO stopped: php-fpm (exit status 0)
2024-11-12 16:20:01,436 INFO stopped: php-fpm (exit status 0)
2024-11-12 16:20:31,423 CRIT Supervisor is running as root.  Privileges were not dropped because no user is specified in the config file.  If you intend to run as root, you can set user=root in the config file to avoid this message.
2024-11-12 16:20:31,423 CRIT Supervisor is running as root.  Privileges were not dropped because no user is specified in the config file.  If you intend to run as root, you can set user=root in the config file to avoid this message.
2024-11-12 16:20:31,425 INFO supervisord started with pid 1
2024-11-12 16:20:31,425 INFO supervisord started with pid 1
2024-11-12 16:20:32,429 INFO spawned: 'php-fpm' with pid 7
2024-11-12 16:20:32,429 INFO spawned: 'php-fpm' with pid 7
2024-11-12 16:20:32,431 INFO spawned: 'reaction_cleanup_worker' with pid 8
2024-11-12 16:20:32,431 INFO spawned: 'reaction_cleanup_worker' with pid 8
2024-11-12 16:20:34,387 INFO success: php-fpm entered RUNNING state, process has stayed up for > than 1 seconds (startsecs)
2024-11-12 16:20:34,388 INFO success: php-fpm entered RUNNING state, process has stayed up for > than 1 seconds (startsecs)
2024-11-12 16:20:34,388 INFO success: reaction_cleanup_worker entered RUNNING state, process has stayed up for > than 1 seconds (startsecs)
2024-11-12 16:20:34,388 INFO success: reaction_cleanup_worker entered RUNNING state, process has stayed up for > than 1 seconds (startsecs)
2024-11-12 16:29:58,961 WARN received SIGQUIT indicating exit request
2024-11-12 16:29:58,961 INFO waiting for php-fpm, reaction_cleanup_worker to die
2024-11-12 16:29:58,963 WARN stopped: reaction_cleanup_worker (terminated by SIGTERM)
2024-11-12 16:29:58,980 INFO stopped: php-fpm (exit status 0)
2024-11-12 16:29:59,594 WARN received SIGQUIT indicating exit request
2024-11-12 16:29:59,594 INFO waiting for php-fpm, reaction_cleanup_worker to die
2024-11-12 16:29:59,596 WARN stopped: reaction_cleanup_worker (terminated by SIGTERM)
2024-11-12 16:29:59,599 INFO stopped: php-fpm (exit status 0)
2024-11-12 16:30:44,461 CRIT Supervisor is running as root.  Privileges were not dropped because no user is specified in the config file.  If you intend to run as root, you can set user=root in the config file to avoid this message.
2024-11-12 16:30:44,464 INFO supervisord started with pid 1
2024-11-12 16:30:44,470 CRIT Supervisor is running as root.  Privileges were not dropped because no user is specified in the config file.  If you intend to run as root, you can set user=root in the config file to avoid this message.
2024-11-12 16:30:44,471 INFO supervisord started with pid 1
2024-11-12 16:30:45,467 INFO spawned: 'php-fpm' with pid 7
2024-11-12 16:30:45,468 INFO spawned: 'reaction_cleanup_worker' with pid 8
2024-11-12 16:30:45,473 INFO spawned: 'php-fpm' with pid 7
2024-11-12 16:30:45,474 INFO spawned: 'reaction_cleanup_worker' with pid 8
2024-11-12 16:30:46,510 INFO success: php-fpm entered RUNNING state, process has stayed up for > than 1 seconds (startsecs)
2024-11-12 16:30:46,510 INFO success: reaction_cleanup_worker entered RUNNING state, process has stayed up for > than 1 seconds (startsecs)
2024-11-12 16:30:46,510 INFO success: php-fpm entered RUNNING state, process has stayed up for > than 1 seconds (startsecs)
2024-11-12 16:30:46,510 INFO success: reaction_cleanup_worker entered RUNNING state, process has stayed up for > than 1 seconds (startsecs)
2024-11-12 16:35:39,348 WARN received SIGQUIT indicating exit request
2024-11-12 16:35:39,349 INFO waiting for php-fpm, reaction_cleanup_worker to die
2024-11-12 16:35:39,350 WARN stopped: reaction_cleanup_worker (terminated by SIGTERM)
2024-11-12 16:35:39,364 INFO stopped: php-fpm (exit status 0)
2024-11-12 16:35:40,347 WARN received SIGQUIT indicating exit request
2024-11-12 16:35:40,348 INFO waiting for php-fpm, reaction_cleanup_worker to die
2024-11-12 16:35:40,349 WARN stopped: reaction_cleanup_worker (terminated by SIGTERM)
2024-11-12 16:35:40,352 INFO stopped: php-fpm (exit status 0)
2024-11-12 16:36:55,724 CRIT Supervisor is running as root.  Privileges were not dropped because no user is specified in the config file.  If you intend to run as root, you can set user=root in the config file to avoid this message.
2024-11-12 16:36:55,727 INFO supervisord started with pid 1
2024-11-12 16:36:55,879 CRIT Supervisor is running as root.  Privileges were not dropped because no user is specified in the config file.  If you intend to run as root, you can set user=root in the config file to avoid this message.
2024-11-12 16:36:55,880 INFO supervisord started with pid 1
2024-11-12 16:36:56,729 INFO spawned: 'php-fpm' with pid 7
2024-11-12 16:36:56,731 INFO spawned: 'reaction_cleanup_worker' with pid 8
2024-11-12 16:36:56,882 INFO spawned: 'php-fpm' with pid 7
2024-11-12 16:36:56,884 INFO spawned: 'reaction_cleanup_worker' with pid 8
2024-11-12 16:36:57,793 INFO success: php-fpm entered RUNNING state, process has stayed up for > than 1 seconds (startsecs)
2024-11-12 16:36:57,793 INFO success: reaction_cleanup_worker entered RUNNING state, process has stayed up for > than 1 seconds (startsecs)
2024-11-12 16:36:57,902 INFO success: php-fpm entered RUNNING state, process has stayed up for > than 1 seconds (startsecs)
2024-11-12 16:36:57,902 INFO success: reaction_cleanup_worker entered RUNNING state, process has stayed up for > than 1 seconds (startsecs)
2024-11-12 16:55:31,533 WARN received SIGQUIT indicating exit request
2024-11-12 16:55:31,534 INFO waiting for php-fpm, reaction_cleanup_worker to die
2024-11-12 16:55:31,535 WARN stopped: reaction_cleanup_worker (terminated by SIGTERM)
2024-11-12 16:55:31,552 INFO stopped: php-fpm (exit status 0)
2024-11-12 16:55:31,736 WARN received SIGQUIT indicating exit request
2024-11-12 16:55:31,736 INFO waiting for php-fpm, reaction_cleanup_worker to die
2024-11-12 16:55:31,737 WARN stopped: reaction_cleanup_worker (terminated by SIGTERM)
2024-11-12 16:55:31,740 INFO stopped: php-fpm (exit status 0)
2024-11-12 17:01:03,742 CRIT Supervisor is running as root.  Privileges were not dropped because no user is specified in the config file.  If you intend to run as root, you can set user=root in the config file to avoid this message.
2024-11-12 17:01:03,742 CRIT Supervisor is running as root.  Privileges were not dropped because no user is specified in the config file.  If you intend to run as root, you can set user=root in the config file to avoid this message.
2024-11-12 17:01:03,744 INFO supervisord started with pid 1
2024-11-12 17:01:03,745 INFO supervisord started with pid 1
2024-11-12 17:01:04,746 INFO spawned: 'php-fpm' with pid 7
2024-11-12 17:01:04,746 INFO spawned: 'php-fpm' with pid 7
2024-11-12 17:01:04,748 INFO spawned: 'reaction_cleanup_worker' with pid 8
2024-11-12 17:01:04,748 INFO spawned: 'reaction_cleanup_worker' with pid 8
2024-11-12 17:01:05,859 INFO success: php-fpm entered RUNNING state, process has stayed up for > than 1 seconds (startsecs)
2024-11-12 17:01:05,859 INFO success: reaction_cleanup_worker entered RUNNING state, process has stayed up for > than 1 seconds (startsecs)
2024-11-12 17:01:05,859 INFO success: php-fpm entered RUNNING state, process has stayed up for > than 1 seconds (startsecs)
2024-11-12 17:01:05,860 INFO success: reaction_cleanup_worker entered RUNNING state, process has stayed up for > than 1 seconds (startsecs)
2024-11-12 18:46:36,666 WARN received SIGQUIT indicating exit request
2024-11-12 18:46:36,669 INFO waiting for php-fpm, reaction_cleanup_worker to die
2024-11-12 18:46:36,672 WARN stopped: reaction_cleanup_worker (terminated by SIGTERM)
2024-11-12 18:46:36,693 INFO stopped: php-fpm (exit status 0)
2024-11-12 18:46:37,462 WARN received SIGQUIT indicating exit request
2024-11-12 18:46:37,464 INFO waiting for php-fpm, reaction_cleanup_worker to die
2024-11-12 18:46:37,466 WARN stopped: reaction_cleanup_worker (terminated by SIGTERM)
2024-11-12 18:46:37,481 INFO stopped: php-fpm (exit status 0)
2024-11-12 18:47:06,046 CRIT Supervisor is running as root.  Privileges were not dropped because no user is specified in the config file.  If you intend to run as root, you can set user=root in the config file to avoid this message.
2024-11-12 18:47:06,046 CRIT Supervisor is running as root.  Privileges were not dropped because no user is specified in the config file.  If you intend to run as root, you can set user=root in the config file to avoid this message.
2024-11-12 18:47:06,049 INFO supervisord started with pid 1
2024-11-12 18:47:06,049 INFO supervisord started with pid 1
2024-11-12 18:47:07,051 INFO spawned: 'php-fpm' with pid 8
2024-11-12 18:47:07,052 INFO spawned: 'php-fpm' with pid 7
2024-11-12 18:47:07,053 INFO spawned: 'reaction_cleanup_worker' with pid 9
2024-11-12 18:47:07,054 INFO spawned: 'reaction_cleanup_worker' with pid 8
2024-11-12 18:47:08,083 INFO success: php-fpm entered RUNNING state, process has stayed up for > than 1 seconds (startsecs)
2024-11-12 18:47:08,083 INFO success: php-fpm entered RUNNING state, process has stayed up for > than 1 seconds (startsecs)
2024-11-12 18:47:08,083 INFO success: reaction_cleanup_worker entered RUNNING state, process has stayed up for > than 1 seconds (startsecs)
2024-11-12 18:47:08,083 INFO success: reaction_cleanup_worker entered RUNNING state, process has stayed up for > than 1 seconds (startsecs)
2024-11-12 19:50:14,737 CRIT Supervisor is running as root.  Privileges were not dropped because no user is specified in the config file.  If you intend to run as root, you can set user=root in the config file to avoid this message.
2024-11-12 19:50:14,740 INFO supervisord started with pid 1
2024-11-12 19:50:15,742 INFO spawned: 'php-fpm' with pid 7
2024-11-12 19:50:15,744 INFO spawned: 'reaction_cleanup_worker' with pid 8
2024-11-12 19:50:15,746 WARN exited: reaction_cleanup_worker (exit status 127; not expected)
2024-11-12 19:50:16,761 INFO success: php-fpm entered RUNNING state, process has stayed up for > than 1 seconds (startsecs)
2024-11-12 19:50:16,763 INFO spawned: 'reaction_cleanup_worker' with pid 11
2024-11-12 19:50:16,765 WARN exited: reaction_cleanup_worker (exit status 127; not expected)
2024-11-12 19:50:18,769 INFO spawned: 'reaction_cleanup_worker' with pid 12
2024-11-12 19:50:18,771 WARN exited: reaction_cleanup_worker (exit status 127; not expected)
2024-11-12 19:50:21,775 INFO spawned: 'reaction_cleanup_worker' with pid 13
2024-11-12 19:50:21,777 WARN exited: reaction_cleanup_worker (exit status 127; not expected)
2024-11-12 19:50:22,779 INFO gave up: reaction_cleanup_worker entered FATAL state, too many start retries too quickly
2024-11-12 19:58:18,249 WARN received SIGQUIT indicating exit request
2024-11-12 19:58:18,249 INFO waiting for php-fpm to die
2024-11-12 19:58:19,253 INFO stopped: php-fpm (exit status 0)
2024-11-12 19:58:45,405 CRIT Supervisor is running as root.  Privileges were not dropped because no user is specified in the config file.  If you intend to run as root, you can set user=root in the config file to avoid this message.
2024-11-12 19:58:45,407 INFO supervisord started with pid 1
2024-11-12 19:58:46,408 INFO spawned: 'php-fpm' with pid 7
2024-11-12 19:58:46,411 INFO spawned: 'reaction_cleanup_worker' with pid 8
2024-11-12 19:58:46,413 WARN exited: reaction_cleanup_worker (exit status 127; not expected)
2024-11-12 19:58:47,428 INFO success: php-fpm entered RUNNING state, process has stayed up for > than 1 seconds (startsecs)
2024-11-12 19:58:47,429 INFO spawned: 'reaction_cleanup_worker' with pid 11
2024-11-12 19:58:47,432 WARN exited: reaction_cleanup_worker (exit status 127; not expected)
2024-11-12 19:58:49,438 INFO spawned: 'reaction_cleanup_worker' with pid 12
2024-11-12 19:58:49,440 WARN exited: reaction_cleanup_worker (exit status 127; not expected)
2024-11-12 19:58:52,445 INFO spawned: 'reaction_cleanup_worker' with pid 13
2024-11-12 19:58:52,450 WARN exited: reaction_cleanup_worker (exit status 127; not expected)
2024-11-12 19:58:52,451 INFO gave up: reaction_cleanup_worker entered FATAL state, too many start retries too quickly
2024-11-12 20:02:57,681 WARN received SIGQUIT indicating exit request
2024-11-12 20:02:57,681 INFO waiting for php-fpm to die
2024-11-12 20:02:58,685 INFO stopped: php-fpm (exit status 0)
2024-11-12 20:03:30,520 CRIT Supervisor is running as root.  Privileges were not dropped because no user is specified in the config file.  If you intend to run as root, you can set user=root in the config file to avoid this message.
2024-11-12 20:03:30,521 INFO supervisord started with pid 1
2024-11-12 20:03:31,524 INFO spawned: 'php-fpm' with pid 7
2024-11-12 20:03:31,525 INFO spawned: 'reaction_cleanup_worker' with pid 8
2024-11-12 20:03:31,528 WARN exited: reaction_cleanup_worker (exit status 127; not expected)
2024-11-12 20:03:32,545 INFO success: php-fpm entered RUNNING state, process has stayed up for > than 1 seconds (startsecs)
2024-11-12 20:03:32,546 INFO spawned: 'reaction_cleanup_worker' with pid 11
2024-11-12 20:03:32,548 WARN exited: reaction_cleanup_worker (exit status 127; not expected)
2024-11-12 20:03:34,553 INFO spawned: 'reaction_cleanup_worker' with pid 12
2024-11-12 20:03:34,556 WARN exited: reaction_cleanup_worker (exit status 127; not expected)
2024-11-12 20:03:37,562 INFO spawned: 'reaction_cleanup_worker' with pid 13
2024-11-12 20:03:37,567 WARN exited: reaction_cleanup_worker (exit status 127; not expected)
2024-11-12 20:03:37,567 INFO gave up: reaction_cleanup_worker entered FATAL state, too many start retries too quickly
2024-11-12 20:06:12,225 WARN received SIGQUIT indicating exit request
2024-11-12 20:06:12,226 INFO waiting for php-fpm to die
2024-11-12 20:06:13,230 INFO stopped: php-fpm (exit status 0)
2024-11-12 20:06:40,311 CRIT Supervisor is running as root.  Privileges were not dropped because no user is specified in the config file.  If you intend to run as root, you can set user=root in the config file to avoid this message.
2024-11-12 20:06:40,313 INFO supervisord started with pid 1
2024-11-12 20:06:41,315 INFO spawned: 'php-fpm' with pid 7
2024-11-12 20:06:41,317 INFO spawned: 'reaction_cleanup_worker' with pid 8
2024-11-12 20:06:41,320 WARN exited: reaction_cleanup_worker (exit status 127; not expected)
2024-11-12 20:06:42,336 INFO success: php-fpm entered RUNNING state, process has stayed up for > than 1 seconds (startsecs)
2024-11-12 20:06:42,337 INFO spawned: 'reaction_cleanup_worker' with pid 11
2024-11-12 20:06:42,338 WARN exited: reaction_cleanup_worker (exit status 127; not expected)
2024-11-12 20:06:44,343 INFO spawned: 'reaction_cleanup_worker' with pid 12
2024-11-12 20:06:44,345 WARN exited: reaction_cleanup_worker (exit status 127; not expected)
2024-11-12 20:06:47,353 INFO spawned: 'reaction_cleanup_worker' with pid 13
2024-11-12 20:06:47,358 WARN exited: reaction_cleanup_worker (exit status 127; not expected)
2024-11-12 20:06:47,358 INFO gave up: reaction_cleanup_worker entered FATAL state, too many start retries too quickly
2024-11-12 20:07:11,269 WARN received SIGQUIT indicating exit request
2024-11-12 20:07:11,269 INFO waiting for php-fpm to die
2024-11-12 20:07:12,274 INFO stopped: php-fpm (exit status 0)
2024-11-12 20:07:36,666 CRIT Supervisor is running as root.  Privileges were not dropped because no user is specified in the config file.  If you intend to run as root, you can set user=root in the config file to avoid this message.
2024-11-12 20:07:36,668 INFO supervisord started with pid 1
2024-11-12 20:07:37,670 INFO spawned: 'php-fpm' with pid 7
2024-11-12 20:07:37,672 INFO spawned: 'reaction_cleanup_worker' with pid 8
2024-11-12 20:07:37,675 WARN exited: reaction_cleanup_worker (exit status 127; not expected)
2024-11-12 20:07:38,690 INFO success: php-fpm entered RUNNING state, process has stayed up for > than 1 seconds (startsecs)
2024-11-12 20:07:38,691 INFO spawned: 'reaction_cleanup_worker' with pid 11
2024-11-12 20:07:38,694 WARN exited: reaction_cleanup_worker (exit status 127; not expected)
2024-11-12 20:07:40,697 INFO spawned: 'reaction_cleanup_worker' with pid 12
2024-11-12 20:07:40,700 WARN exited: reaction_cleanup_worker (exit status 127; not expected)
2024-11-12 20:07:43,704 INFO spawned: 'reaction_cleanup_worker' with pid 13
2024-11-12 20:07:43,710 WARN exited: reaction_cleanup_worker (exit status 127; not expected)
2024-11-12 20:07:43,710 INFO gave up: reaction_cleanup_worker entered FATAL state, too many start retries too quickly
2024-11-12 20:10:42,230 WARN received SIGQUIT indicating exit request
2024-11-12 20:10:42,231 INFO waiting for php-fpm to die
2024-11-12 20:10:43,235 INFO stopped: php-fpm (exit status 0)
2024-11-12 20:12:59,270 CRIT Supervisor is running as root.  Privileges were not dropped because no user is specified in the config file.  If you intend to run as root, you can set user=root in the config file to avoid this message.
2024-11-12 20:12:59,272 INFO supervisord started with pid 1
2024-11-12 20:13:00,273 INFO spawned: 'php-fpm' with pid 7
2024-11-12 20:13:00,276 INFO spawned: 'reaction_cleanup_worker' with pid 8
2024-11-12 20:13:00,278 WARN exited: reaction_cleanup_worker (exit status 127; not expected)
2024-11-12 20:13:01,294 INFO success: php-fpm entered RUNNING state, process has stayed up for > than 1 seconds (startsecs)
2024-11-12 20:13:01,295 INFO spawned: 'reaction_cleanup_worker' with pid 11
2024-11-12 20:13:01,297 WARN exited: reaction_cleanup_worker (exit status 127; not expected)
2024-11-12 20:13:03,303 INFO spawned: 'reaction_cleanup_worker' with pid 12
2024-11-12 20:13:03,305 WARN exited: reaction_cleanup_worker (exit status 127; not expected)
2024-11-12 20:13:06,310 INFO spawned: 'reaction_cleanup_worker' with pid 13
2024-11-12 20:13:06,313 WARN exited: reaction_cleanup_worker (exit status 127; not expected)
2024-11-12 20:13:07,315 INFO gave up: reaction_cleanup_worker entered FATAL state, too many start retries too quickly
2024-11-12 20:14:19,166 WARN received SIGQUIT indicating exit request
2024-11-12 20:14:19,166 INFO waiting for php-fpm to die
2024-11-12 20:14:20,050 INFO stopped: php-fpm (exit status 0)
2024-11-12 20:20:27,125 CRIT Supervisor is running as root.  Privileges were not dropped because no user is specified in the config file.  If you intend to run as root, you can set user=root in the config file to avoid this message.
2024-11-12 20:20:27,127 INFO supervisord started with pid 1
2024-11-12 20:20:28,129 INFO spawned: 'php-fpm' with pid 8
2024-11-12 20:20:28,131 INFO spawned: 'reaction_cleanup_worker' with pid 9
2024-11-12 20:20:28,134 WARN exited: reaction_cleanup_worker (exit status 127; not expected)
2024-11-12 20:20:29,151 INFO success: php-fpm entered RUNNING state, process has stayed up for > than 1 seconds (startsecs)
2024-11-12 20:20:29,152 INFO spawned: 'reaction_cleanup_worker' with pid 12
2024-11-12 20:20:29,155 WARN exited: reaction_cleanup_worker (exit status 127; not expected)
2024-11-12 20:20:31,158 INFO spawned: 'reaction_cleanup_worker' with pid 13
2024-11-12 20:20:31,160 WARN exited: reaction_cleanup_worker (exit status 127; not expected)
2024-11-12 20:20:34,165 INFO spawned: 'reaction_cleanup_worker' with pid 14
2024-11-12 20:20:34,167 WARN exited: reaction_cleanup_worker (exit status 127; not expected)
2024-11-12 20:20:35,167 INFO gave up: reaction_cleanup_worker entered FATAL state, too many start retries too quickly
2024-11-12 20:30:10,740 WARN received SIGQUIT indicating exit request
2024-11-12 20:30:10,741 INFO waiting for php-fpm to die
2024-11-12 20:30:11,748 INFO stopped: php-fpm (exit status 0)
2024-11-12 20:30:40,849 CRIT Supervisor is running as root.  Privileges were not dropped because no user is specified in the config file.  If you intend to run as root, you can set user=root in the config file to avoid this message.
2024-11-12 20:30:40,851 INFO supervisord started with pid 1
2024-11-12 20:30:41,854 INFO spawned: 'php-fpm' with pid 7
2024-11-12 20:30:41,856 INFO spawned: 'reaction_cleanup_worker' with pid 8
2024-11-12 20:30:41,859 WARN exited: reaction_cleanup_worker (exit status 127; not expected)
2024-11-12 20:30:42,900 INFO success: php-fpm entered RUNNING state, process has stayed up for > than 1 seconds (startsecs)
2024-11-12 20:30:42,902 INFO spawned: 'reaction_cleanup_worker' with pid 11
2024-11-12 20:30:42,903 WARN exited: reaction_cleanup_worker (exit status 127; not expected)
2024-11-12 20:30:44,906 INFO spawned: 'reaction_cleanup_worker' with pid 12
2024-11-12 20:30:44,908 WARN exited: reaction_cleanup_worker (exit status 127; not expected)
2024-11-12 20:30:48,790 INFO spawned: 'reaction_cleanup_worker' with pid 13
2024-11-12 20:30:48,792 WARN exited: reaction_cleanup_worker (exit status 127; not expected)
2024-11-12 20:30:49,793 INFO gave up: reaction_cleanup_worker entered FATAL state, too many start retries too quickly
2024-11-12 20:32:05,624 WARN received SIGQUIT indicating exit request
2024-11-12 20:32:05,624 INFO waiting for php-fpm to die
2024-11-12 20:32:06,628 INFO stopped: php-fpm (exit status 0)
2024-11-12 20:45:06,935 CRIT Supervisor is running as root.  Privileges were not dropped because no user is specified in the config file.  If you intend to run as root, you can set user=root in the config file to avoid this message.
2024-11-12 20:45:06,937 INFO supervisord started with pid 1
2024-11-12 20:45:07,941 INFO spawned: 'php-fpm' with pid 7
2024-11-12 20:45:07,943 INFO spawned: 'reaction_cleanup_worker' with pid 8
2024-11-12 20:45:07,946 WARN exited: reaction_cleanup_worker (exit status 127; not expected)
2024-11-12 20:45:08,963 INFO success: php-fpm entered RUNNING state, process has stayed up for > than 1 seconds (startsecs)
2024-11-12 20:45:08,964 INFO spawned: 'reaction_cleanup_worker' with pid 11
2024-11-12 20:45:08,966 WARN exited: reaction_cleanup_worker (exit status 127; not expected)
2024-11-12 20:45:10,971 INFO spawned: 'reaction_cleanup_worker' with pid 12
2024-11-12 20:45:10,973 WARN exited: reaction_cleanup_worker (exit status 127; not expected)
2024-11-12 20:45:14,856 INFO spawned: 'reaction_cleanup_worker' with pid 13
2024-11-12 20:45:14,858 WARN exited: reaction_cleanup_worker (exit status 127; not expected)
2024-11-12 20:45:15,858 INFO gave up: reaction_cleanup_worker entered FATAL state, too many start retries too quickly
2024-11-12 21:00:00,518 WARN received SIGQUIT indicating exit request
2024-11-12 21:00:00,524 INFO waiting for php-fpm to die
2024-11-12 21:00:01,530 INFO stopped: php-fpm (exit status 0)
2024-11-12 21:12:19,028 CRIT Supervisor is running as root.  Privileges were not dropped because no user is specified in the config file.  If you intend to run as root, you can set user=root in the config file to avoid this message.
2024-11-12 21:12:19,031 INFO supervisord started with pid 1
2024-11-12 21:12:20,034 INFO spawned: 'php-fpm' with pid 7
2024-11-12 21:12:20,035 INFO spawned: 'reaction_cleanup_worker' with pid 8
2024-11-12 21:12:20,038 WARN exited: reaction_cleanup_worker (exit status 127; not expected)
2024-11-12 21:12:21,072 INFO success: php-fpm entered RUNNING state, process has stayed up for > than 1 seconds (startsecs)
2024-11-12 21:12:21,073 INFO spawned: 'reaction_cleanup_worker' with pid 11
2024-11-12 21:12:21,075 WARN exited: reaction_cleanup_worker (exit status 127; not expected)
2024-11-12 21:12:23,091 INFO spawned: 'reaction_cleanup_worker' with pid 12
2024-11-12 21:12:23,093 WARN exited: reaction_cleanup_worker (exit status 127; not expected)
2024-11-12 21:12:26,117 INFO spawned: 'reaction_cleanup_worker' with pid 13
2024-11-12 21:12:26,122 WARN exited: reaction_cleanup_worker (exit status 127; not expected)
2024-11-12 21:12:26,123 INFO gave up: reaction_cleanup_worker entered FATAL state, too many start retries too quickly
2024-11-12 22:09:24,430 WARN received SIGQUIT indicating exit request
2024-11-12 22:09:24,430 INFO waiting for php-fpm to die
2024-11-12 22:09:25,434 INFO stopped: php-fpm (exit status 0)
2024-11-12 22:10:08,261 CRIT Supervisor is running as root.  Privileges were not dropped because no user is specified in the config file.  If you intend to run as root, you can set user=root in the config file to avoid this message.
2024-11-12 22:10:08,264 INFO supervisord started with pid 1
2024-11-12 22:10:09,267 INFO spawned: 'php-fpm' with pid 7
2024-11-12 22:10:09,269 INFO spawned: 'reaction_cleanup_worker' with pid 8
2024-11-12 22:10:09,271 WARN exited: reaction_cleanup_worker (exit status 127; not expected)
2024-11-12 22:10:10,291 INFO success: php-fpm entered RUNNING state, process has stayed up for > than 1 seconds (startsecs)
2024-11-12 22:10:10,291 INFO spawned: 'reaction_cleanup_worker' with pid 11
2024-11-12 22:10:10,294 WARN exited: reaction_cleanup_worker (exit status 127; not expected)
2024-11-12 22:10:12,298 INFO spawned: 'reaction_cleanup_worker' with pid 12
2024-11-12 22:10:12,300 WARN exited: reaction_cleanup_worker (exit status 127; not expected)
2024-11-12 22:10:15,306 INFO spawned: 'reaction_cleanup_worker' with pid 13
2024-11-12 22:10:15,308 WARN exited: reaction_cleanup_worker (exit status 127; not expected)
2024-11-12 22:10:16,310 INFO gave up: reaction_cleanup_worker entered FATAL state, too many start retries too quickly
2024-11-12 22:15:19,449 WARN received SIGQUIT indicating exit request
2024-11-12 22:15:19,449 INFO waiting for php-fpm to die
2024-11-12 22:15:20,454 INFO stopped: php-fpm (exit status 0)
2024-11-12 22:17:22,063 CRIT Supervisor is running as root.  Privileges were not dropped because no user is specified in the config file.  If you intend to run as root, you can set user=root in the config file to avoid this message.
2024-11-12 22:17:22,064 INFO supervisord started with pid 1
2024-11-12 22:17:23,066 INFO spawned: 'php-fpm' with pid 7
2024-11-12 22:17:23,067 INFO spawned: 'reaction_cleanup_worker' with pid 8
2024-11-12 22:17:23,069 WARN exited: reaction_cleanup_worker (exit status 127; not expected)
2024-11-12 22:17:24,086 INFO success: php-fpm entered RUNNING state, process has stayed up for > than 1 seconds (startsecs)
2024-11-12 22:17:24,087 INFO spawned: 'reaction_cleanup_worker' with pid 11
2024-11-12 22:17:24,089 WARN exited: reaction_cleanup_worker (exit status 127; not expected)
2024-11-12 22:17:26,093 INFO spawned: 'reaction_cleanup_worker' with pid 12
2024-11-12 22:17:26,095 WARN exited: reaction_cleanup_worker (exit status 127; not expected)
2024-11-12 22:17:29,099 INFO spawned: 'reaction_cleanup_worker' with pid 13
2024-11-12 22:17:29,102 WARN exited: reaction_cleanup_worker (exit status 127; not expected)
2024-11-12 22:17:30,103 INFO gave up: reaction_cleanup_worker entered FATAL state, too many start retries too quickly
2024-11-12 22:18:13,632 CRIT Supervisor is running as root.  Privileges were not dropped because no user is specified in the config file.  If you intend to run as root, you can set user=root in the config file to avoid this message.
2024-11-12 22:18:13,633 INFO supervisord started with pid 20
2024-11-12 22:18:14,637 INFO spawned: 'php-fpm' with pid 21
2024-11-12 22:18:14,638 INFO spawned: 'reaction_cleanup_worker' with pid 22
2024-11-12 22:18:14,640 WARN exited: reaction_cleanup_worker (exit status 127; not expected)
2024-11-12 22:18:14,655 WARN exited: php-fpm (exit status 78; not expected)
2024-11-12 22:18:15,657 INFO spawned: 'php-fpm' with pid 23
2024-11-12 22:18:15,658 INFO spawned: 'reaction_cleanup_worker' with pid 24
2024-11-12 22:18:15,661 WARN exited: reaction_cleanup_worker (exit status 127; not expected)
2024-11-12 22:18:15,675 WARN exited: php-fpm (exit status 78; not expected)
2024-11-12 22:18:18,530 INFO spawned: 'php-fpm' with pid 25
2024-11-12 22:18:18,531 INFO spawned: 'reaction_cleanup_worker' with pid 26
2024-11-12 22:18:18,533 WARN exited: reaction_cleanup_worker (exit status 127; not expected)
2024-11-12 22:18:18,551 WARN exited: php-fpm (exit status 78; not expected)
2024-11-12 22:18:21,555 INFO spawned: 'php-fpm' with pid 27
2024-11-12 22:18:21,556 INFO spawned: 'reaction_cleanup_worker' with pid 28
2024-11-12 22:18:21,558 WARN exited: reaction_cleanup_worker (exit status 127; not expected)
2024-11-12 22:18:21,566 INFO gave up: reaction_cleanup_worker entered FATAL state, too many start retries too quickly
2024-11-12 22:18:21,574 WARN exited: php-fpm (exit status 78; not expected)
2024-11-12 22:18:22,575 INFO gave up: php-fpm entered FATAL state, too many start retries too quickly
2024-11-12 22:18:51,523 WARN received SIGINT indicating exit request
2024-11-12 22:19:40,656 WARN received SIGQUIT indicating exit request
2024-11-12 22:19:40,657 INFO waiting for php-fpm to die
2024-11-12 22:19:41,661 INFO stopped: php-fpm (exit status 0)
2024-11-12 22:20:23,547 CRIT Supervisor is running as root.  Privileges were not dropped because no user is specified in the config file.  If you intend to run as root, you can set user=root in the config file to avoid this message.
2024-11-12 22:20:23,549 INFO supervisord started with pid 1
2024-11-12 22:20:24,551 INFO spawned: 'php-fpm' with pid 7
2024-11-12 22:20:24,554 INFO spawned: 'reaction_cleanup_worker' with pid 8
2024-11-12 22:20:24,556 WARN exited: reaction_cleanup_worker (exit status 127; not expected)
2024-11-12 22:20:25,572 INFO success: php-fpm entered RUNNING state, process has stayed up for > than 1 seconds (startsecs)
2024-11-12 22:20:25,573 INFO spawned: 'reaction_cleanup_worker' with pid 11
2024-11-12 22:20:25,575 WARN exited: reaction_cleanup_worker (exit status 127; not expected)
2024-11-12 22:20:27,578 INFO spawned: 'reaction_cleanup_worker' with pid 12
2024-11-12 22:20:27,581 WARN exited: reaction_cleanup_worker (exit status 127; not expected)
2024-11-12 22:20:30,585 INFO spawned: 'reaction_cleanup_worker' with pid 13
2024-11-12 22:20:30,587 WARN exited: reaction_cleanup_worker (exit status 127; not expected)
2024-11-12 22:20:31,588 INFO gave up: reaction_cleanup_worker entered FATAL state, too many start retries too quickly
2024-11-12 22:24:19,690 WARN received SIGQUIT indicating exit request
2024-11-12 22:24:19,690 INFO waiting for php-fpm to die
2024-11-12 22:24:20,694 INFO stopped: php-fpm (exit status 0)
2024-11-12 22:25:38,617 CRIT Supervisor is running as root.  Privileges were not dropped because no user is specified in the config file.  If you intend to run as root, you can set user=root in the config file to avoid this message.
2024-11-12 22:25:38,619 INFO supervisord started with pid 1
2024-11-12 22:25:39,621 INFO spawned: 'php-fpm' with pid 7
2024-11-12 22:25:39,624 INFO spawned: 'reaction_cleanup_worker' with pid 8
2024-11-12 22:25:39,626 WARN exited: reaction_cleanup_worker (exit status 127; not expected)
2024-11-12 22:25:40,645 INFO success: php-fpm entered RUNNING state, process has stayed up for > than 1 seconds (startsecs)
2024-11-12 22:25:40,646 INFO spawned: 'reaction_cleanup_worker' with pid 11
2024-11-12 22:25:40,648 WARN exited: reaction_cleanup_worker (exit status 127; not expected)
2024-11-12 22:25:42,652 INFO spawned: 'reaction_cleanup_worker' with pid 12
2024-11-12 22:25:42,654 WARN exited: reaction_cleanup_worker (exit status 127; not expected)
2024-11-12 22:25:46,506 INFO spawned: 'reaction_cleanup_worker' with pid 13
2024-11-12 22:25:46,508 WARN exited: reaction_cleanup_worker (exit status 127; not expected)
2024-11-12 22:25:47,509 INFO gave up: reaction_cleanup_worker entered FATAL state, too many start retries too quickly
2024-11-12 22:26:32,438 WARN received SIGQUIT indicating exit request
2024-11-12 22:26:32,438 INFO waiting for php-fpm to die
2024-11-12 22:26:33,442 INFO stopped: php-fpm (exit status 0)
2024-11-12 22:27:08,048 CRIT Supervisor is running as root.  Privileges were not dropped because no user is specified in the config file.  If you intend to run as root, you can set user=root in the config file to avoid this message.
2024-11-12 22:27:08,050 INFO supervisord started with pid 1
2024-11-12 22:27:09,051 INFO spawned: 'php-fpm' with pid 7
2024-11-12 22:27:09,053 INFO spawned: 'reaction_cleanup_worker' with pid 8
2024-11-12 22:27:10,071 INFO success: php-fpm entered RUNNING state, process has stayed up for > than 1 seconds (startsecs)
2024-11-12 22:27:10,071 INFO success: reaction_cleanup_worker entered RUNNING state, process has stayed up for > than 1 seconds (startsecs)
2024-11-12 22:36:24,426 WARN received SIGQUIT indicating exit request
2024-11-12 22:36:24,426 INFO waiting for php-fpm, reaction_cleanup_worker to die
2024-11-12 22:36:24,428 WARN stopped: reaction_cleanup_worker (terminated by SIGTERM)
2024-11-12 22:36:24,431 INFO stopped: php-fpm (exit status 0)
2024-11-12 22:39:42,665 CRIT Supervisor is running as root.  Privileges were not dropped because no user is specified in the config file.  If you intend to run as root, you can set user=root in the config file to avoid this message.
2024-11-12 22:39:42,667 INFO supervisord started with pid 1
2024-11-12 22:39:43,668 INFO spawned: 'php-fpm' with pid 7
2024-11-12 22:39:43,671 INFO spawned: 'reaction_cleanup_worker' with pid 8
2024-11-12 22:39:44,689 INFO success: php-fpm entered RUNNING state, process has stayed up for > than 1 seconds (startsecs)
2024-11-12 22:39:44,690 INFO success: reaction_cleanup_worker entered RUNNING state, process has stayed up for > than 1 seconds (startsecs)
2024-11-12 22:42:58,245 WARN received SIGQUIT indicating exit request
2024-11-12 22:42:58,246 INFO waiting for php-fpm, reaction_cleanup_worker to die
2024-11-12 22:42:58,247 WARN stopped: reaction_cleanup_worker (terminated by SIGTERM)
2024-11-12 22:42:58,252 INFO stopped: php-fpm (exit status 0)
2024-11-12 23:20:04,963 CRIT Supervisor is running as root.  Privileges were not dropped because no user is specified in the config file.  If you intend to run as root, you can set user=root in the config file to avoid this message.
2024-11-12 23:20:04,965 INFO supervisord started with pid 1
2024-11-12 23:20:05,967 INFO spawned: 'php-fpm' with pid 7
2024-11-12 23:20:05,969 INFO spawned: 'reaction_cleanup_worker' with pid 8
2024-11-12 23:20:07,080 INFO success: php-fpm entered RUNNING state, process has stayed up for > than 1 seconds (startsecs)
2024-11-12 23:20:07,080 INFO success: reaction_cleanup_worker entered RUNNING state, process has stayed up for > than 1 seconds (startsecs)
2024-11-13 00:11:29,166 WARN received SIGQUIT indicating exit request
2024-11-13 00:11:29,167 INFO waiting for php-fpm, reaction_cleanup_worker to die
2024-11-13 00:11:29,168 WARN stopped: reaction_cleanup_worker (terminated by SIGTERM)
2024-11-13 00:11:29,174 INFO stopped: php-fpm (exit status 0)
